
> temp_morauto@0.1.0 build
> next build

Ôû▓ Next.js 16.2.1 (Turbopack)
- Environments: .env

  Creating an optimized production build ...
Ô£ô Compiled successfully in 6.9s
  Running TypeScript ...
  Finished TypeScript in 9.5s ...
  Collecting page data using 7 workers ...
Error [PrismaClientConstructorValidationError]: Unknown property datasources provided to PrismaClient constructor.
Read more at https://pris.ly/d/client-constructor
    at instantiateModule (C:\Users\zilda\OneDrive\├ürea de Trabalho\morauto\.next\server\chunks\[turbopack]_runtime.js:853:9)
    at instantiateRuntimeModule (C:\Users\zilda\OneDrive\├ürea de Trabalho\morauto\.next\server\chunks\[turbopack]_runtime.js:882:12)
    at getOrInstantiateRuntimeModule (C:\Users\zilda\OneDrive\├ürea de Trabalho\morauto\.next\server\chunks\[turbopack]_runtime.js:895:12)
    at Object.m (C:\Users\zilda\OneDrive\├ürea de Trabalho\morauto\.next\server\chunks\[turbopack]_runtime.js:898:18)
    at Object.<anonymous> (C:\Users\zilda\OneDrive\├ürea de Trabalho\morauto\.next\server\app\api\auth\[...nextauth]\route.js:6:3)

> Build error occurred
Error: Failed to collect page data for /api/auth/[...nextauth]
    at ignore-listed frames {
  type: 'Error'
}
